This file contains any messages produced by compilers while
running configure, to aid debugging if configure makes a mistake.

It was created by readline configure 5.2, which was
generated by GNU Autoconf 2.59.  Invocation command line was

  $ ./configure --enable-static -disable-shared

## --------- ##
## Platform. ##
## --------- ##

hostname = nsn-0077
uname -m = i386
uname -r = 9.6.0
uname -s = Darwin
uname -v = Darwin Kernel Version 9.6.0: Mon Nov 24 17:37:00 PST 2008; root:xnu-1228.9.59~1/RELEASE_I386

/usr/bin/uname -p = i386
/bin/uname -X     = unknown

/bin/arch              = unknown
/usr/bin/arch -k       = unknown
/usr/convex/getsysinfo = unknown
hostinfo               = Mach kernel version:
	 Darwin Kernel Version 9.6.0: Mon Nov 24 17:37:00 PST 2008; root:xnu-1228.9.59~1/RELEASE_I386
Kernel configured for up to 2 processors.
2 processors are physically available.
2 processors are logically available.
Processor type: i486 (Intel 80486)
Processors active: 0 1
Primary memory available: 4.00 gigabytes
Default processor set: 73 tasks, 226 threads, 2 processors
Load average: 0.22, Mach factor: 1.76
/bin/machine           = unknown
/usr/bin/oslevel       = unknown
/bin/universe          = unknown

PATH: /Library/Frameworks/Python.framework/Versions/Current/bin
PATH: /Library/Frameworks/Python.framework/Versions/Current/bin
PATH: /Library/Frameworks/Python.framework/Versions/Current/bin
PATH: /Users/jpoirier/gumstix/gumstix-oe/bitbake/bin
PATH: /opt/intel/Compiler/11.0/054/bin/intel64
PATH: /opt/intel/Compiler/11.0/054/bin
PATH: /usr/local/bin
PATH: /Library/Frameworks/Python.framework/Versions/Current/bin
PATH: /sw/bin
PATH: /opt/pgi/osx86-64/7.2/bin
PATH: /Users/jpoirier/gumstix/gumstix-oe/bitbake/bin
PATH: /usr/bin
PATH: /bin
PATH: /usr/sbin
PATH: /sbin
PATH: /usr/local/bin
PATH: /usr/X11/bin


## ----------- ##
## Core tests. ##
## ----------- ##

configure:1361: checking build system type
configure:1379: result: i386-apple-darwin9.6.0
configure:1387: checking host system type
configure:1401: result: i386-apple-darwin9.6.0
configure:1496: checking whether make sets $(MAKE)
configure:1516: result: yes
configure:1571: checking for gcc
configure:1597: result: icc
configure:1841: checking for C compiler version
configure:1844: icc --version </dev/null >&5
icc (ICC) 11.0 20080930
Copyright (C) 1985-2008 Intel Corporation.  All rights reserved.

configure:1847: $? = 0
configure:1849: icc -v </dev/null >&5
Version 11.0 
configure:1852: $? = 0
configure:1854: icc -V </dev/null >&5
Intel(R) C Compiler Professional for applications running on Intel(R) 64, Version 11.0    Build 20080930 Package ID: m_cproc_p_11.0.054
Copyright (C) 1985-2008 Intel Corporation.  All rights reserved.

configure:1857: $? = 0
configure:1880: checking for C compiler default output file name
configure:1883: icc -std=c99   conftest.c  >&5
configure:1886: $? = 0
configure:1932: result: a.out
configure:1937: checking whether the C compiler works
configure:1943: ./a.out
configure:1946: $? = 0
configure:1963: result: yes
configure:1970: checking whether we are cross compiling
configure:1972: result: no
configure:1975: checking for suffix of executables
configure:1977: icc -o conftest -std=c99   conftest.c  >&5
configure:1980: $? = 0
configure:2005: result: 
configure:2011: checking for suffix of object files
configure:2032: icc -c -std=c99  conftest.c >&5
configure:2035: $? = 0
configure:2057: result: o
configure:2061: checking whether we are using the GNU C compiler
configure:2085: icc -c -std=c99  conftest.c >&5
configure:2091: $? = 0
configure:2095: test -z 
			 || test ! -s conftest.err
configure:2098: $? = 0
configure:2101: test -s conftest.o
configure:2104: $? = 0
configure:2117: result: yes
configure:2123: checking whether icc accepts -g
configure:2144: icc -c -g  conftest.c >&5
configure:2150: $? = 0
configure:2154: test -z 
			 || test ! -s conftest.err
configure:2157: $? = 0
configure:2160: test -s conftest.o
configure:2163: $? = 0
configure:2174: result: yes
configure:2191: checking for icc option to accept ANSI C
configure:2261: icc  -c -std=c99  conftest.c >&5
configure:2267: $? = 0
configure:2271: test -z 
			 || test ! -s conftest.err
configure:2274: $? = 0
configure:2277: test -s conftest.o
configure:2280: $? = 0
configure:2298: result: none needed
configure:2316: icc -c -std=c99  conftest.c >&5
conftest.c(2): error: identifier "choke" is undefined
    choke me
    ^

conftest.c(3): error: expected a ";"

compilation aborted for conftest.c (code 2)
configure:2322: $? = 2
configure: failed program was:
| #ifndef __cplusplus
|   choke me
| #endif
configure:2461: checking how to run the C preprocessor
configure:2496: icc -E  conftest.c
configure:2502: $? = 0
configure:2534: icc -E  conftest.c
conftest.c(9): error #5: could not open source file "ac_nonexistent.h"
  #include <ac_nonexistent.h>
                             ^

configure:2540: $? = 2
configure: failed program was:
| /* confdefs.h.  */
| 
| #define PACKAGE_NAME "readline"
| #define PACKAGE_TARNAME "readline"
| #define PACKAGE_VERSION "5.2"
| #define PACKAGE_STRING "readline 5.2"
| #define PACKAGE_BUGREPORT "bug-readline@gnu.org"
| /* end confdefs.h.  */
| #include <ac_nonexistent.h>
configure:2579: result: icc -E
configure:2603: icc -E  conftest.c
configure:2609: $? = 0
configure:2641: icc -E  conftest.c
conftest.c(9): error #5: could not open source file "ac_nonexistent.h"
  #include <ac_nonexistent.h>
                             ^

configure:2647: $? = 2
configure: failed program was:
| /* confdefs.h.  */
| 
| #define PACKAGE_NAME "readline"
| #define PACKAGE_TARNAME "readline"
| #define PACKAGE_VERSION "5.2"
| #define PACKAGE_STRING "readline 5.2"
| #define PACKAGE_BUGREPORT "bug-readline@gnu.org"
| /* end confdefs.h.  */
| #include <ac_nonexistent.h>
configure:2691: checking for egrep
configure:2701: result: grep -E
configure:2706: checking for ANSI C header files
configure:2731: icc -c -std=c99  conftest.c >&5
configure:2737: $? = 0
configure:2741: test -z 
			 || test ! -s conftest.err
configure:2744: $? = 0
configure:2747: test -s conftest.o
configure:2750: $? = 0
configure:2839: icc -o conftest -std=c99   conftest.c  >&5
conftest.c(26): warning #266: function "exit" declared implicitly
        exit(2);
        ^

conftest.c(27): warning #266: function "exit" declared implicitly
    exit (0);
    ^

configure:2842: $? = 0
configure:2844: ./conftest
configure:2847: $? = 0
configure:2862: result: yes
configure:2886: checking for sys/types.h
configure:2902: icc -c -std=c99  conftest.c >&5
configure:2908: $? = 0
configure:2912: test -z 
			 || test ! -s conftest.err
configure:2915: $? = 0
configure:2918: test -s conftest.o
configure:2921: $? = 0
configure:2932: result: yes
configure:2886: checking for sys/stat.h
configure:2902: icc -c -std=c99  conftest.c >&5
configure:2908: $? = 0
configure:2912: test -z 
			 || test ! -s conftest.err
configure:2915: $? = 0
configure:2918: test -s conftest.o
configure:2921: $? = 0
configure:2932: result: yes
configure:2886: checking for stdlib.h
configure:2902: icc -c -std=c99  conftest.c >&5
configure:2908: $? = 0
configure:2912: test -z 
			 || test ! -s conftest.err
configure:2915: $? = 0
configure:2918: test -s conftest.o
configure:2921: $? = 0
configure:2932: result: yes
configure:2886: checking for string.h
configure:2902: icc -c -std=c99  conftest.c >&5
configure:2908: $? = 0
configure:2912: test -z 
			 || test ! -s conftest.err
configure:2915: $? = 0
configure:2918: test -s conftest.o
configure:2921: $? = 0
configure:2932: result: yes
configure:2886: checking for memory.h
configure:2902: icc -c -std=c99  conftest.c >&5
configure:2908: $? = 0
configure:2912: test -z 
			 || test ! -s conftest.err
configure:2915: $? = 0
configure:2918: test -s conftest.o
configure:2921: $? = 0
configure:2932: result: yes
configure:2886: checking for strings.h
configure:2902: icc -c -std=c99  conftest.c >&5
configure:2908: $? = 0
configure:2912: test -z 
			 || test ! -s conftest.err
configure:2915: $? = 0
configure:2918: test -s conftest.o
configure:2921: $? = 0
configure:2932: result: yes
configure:2886: checking for inttypes.h
configure:2902: icc -c -std=c99  conftest.c >&5
configure:2908: $? = 0
configure:2912: test -z 
			 || test ! -s conftest.err
configure:2915: $? = 0
configure:2918: test -s conftest.o
configure:2921: $? = 0
configure:2932: result: yes
configure:2886: checking for stdint.h
configure:2902: icc -c -std=c99  conftest.c >&5
configure:2908: $? = 0
configure:2912: test -z 
			 || test ! -s conftest.err
configure:2915: $? = 0
configure:2918: test -s conftest.o
configure:2921: $? = 0
configure:2932: result: yes
configure:2886: checking for unistd.h
configure:2902: icc -c -std=c99  conftest.c >&5
configure:2908: $? = 0
configure:2912: test -z 
			 || test ! -s conftest.err
configure:2915: $? = 0
configure:2918: test -s conftest.o
configure:2921: $? = 0
configure:2932: result: yes
configure:2954: checking minix/config.h usability
configure:2966: icc -c -std=c99  conftest.c >&5
conftest.c(53): catastrophic error: could not open source file "minix/config.h"
  #include <minix/config.h>
                           ^

compilation aborted for conftest.c (code 4)
configure:2972: $? = 4
configure: failed program was:
| /* confdefs.h.  */
| 
| #define PACKAGE_NAME "readline"
| #define PACKAGE_TARNAME "readline"
| #define PACKAGE_VERSION "5.2"
| #define PACKAGE_STRING "readline 5.2"
| #define PACKAGE_BUGREPORT "bug-readline@gnu.org"
| #define STDC_HEADERS 1
| #define HAVE_SYS_TYPES_H 1
| #define HAVE_SYS_STAT_H 1
| #define HAVE_STDLIB_H 1
| #define HAVE_STRING_H 1
| #define HAVE_MEMORY_H 1
| #define HAVE_STRINGS_H 1
| #define HAVE_INTTYPES_H 1
| #define HAVE_STDINT_H 1
| #define HAVE_UNISTD_H 1
| /* end confdefs.h.  */
| #include <stdio.h>
| #if HAVE_SYS_TYPES_H
| # include <sys/types.h>
| #endif
| #if HAVE_SYS_STAT_H
| # include <sys/stat.h>
| #endif
| #if STDC_HEADERS
| # include <stdlib.h>
| # include <stddef.h>
| #else
| # if HAVE_STDLIB_H
| #  include <stdlib.h>
| # endif
| #endif
| #if HAVE_STRING_H
| # if !STDC_HEADERS && HAVE_MEMORY_H
| #  include <memory.h>
| # endif
| # include <string.h>
| #endif
| #if HAVE_STRINGS_H
| # include <strings.h>
| #endif
| #if HAVE_INTTYPES_H
| # include <inttypes.h>
| #else
| # if HAVE_STDINT_H
| #  include <stdint.h>
| # endif
| #endif
| #if HAVE_UNISTD_H
| # include <unistd.h>
| #endif
| #include <minix/config.h>
configure:2995: result: no
configure:2999: checking minix/config.h presence
configure:3009: icc -E  conftest.c
conftest.c(19): error #5: could not open source file "minix/config.h"
  #include <minix/config.h>
                           ^

configure:3015: $? = 2
configure: failed program was:
| /* confdefs.h.  */
| 
| #define PACKAGE_NAME "readline"
| #define PACKAGE_TARNAME "readline"
| #define PACKAGE_VERSION "5.2"
| #define PACKAGE_STRING "readline 5.2"
| #define PACKAGE_BUGREPORT "bug-readline@gnu.org"
| #define STDC_HEADERS 1
| #define HAVE_SYS_TYPES_H 1
| #define HAVE_SYS_STAT_H 1
| #define HAVE_STDLIB_H 1
| #define HAVE_STRING_H 1
| #define HAVE_MEMORY_H 1
| #define HAVE_STRINGS_H 1
| #define HAVE_INTTYPES_H 1
| #define HAVE_STDINT_H 1
| #define HAVE_UNISTD_H 1
| /* end confdefs.h.  */
| #include <minix/config.h>
configure:3035: result: no
configure:3070: checking for minix/config.h
configure:3077: result: no
configure:3111: checking whether icc needs -traditional
conftest.c(19): error #5: could not open source file "termio.h"
  #include <termio.h>
                     ^

configure:3153: result: no
configure:3173: checking for a BSD-compatible install
configure:3228: result: /usr/bin/install -c
configure:3241: checking for ar
configure:3268: result: xiar
configure:3317: checking for ranlib
configure:3333: found /usr/bin/ranlib
configure:3344: result: ranlib
configure:3360: checking for an ANSI C-conforming const
configure:3427: icc -c -std=c99  conftest.c >&5
conftest.c(48): warning #592: variable "t" is used before its value is set
      *t++ = 0;
       ^

conftest.c(63): warning #592: variable "b" is used before its value is set
      struct s *b; b->j = 5;
                   ^

configure:3433: $? = 0
configure:3437: test -z 
			 || test ! -s conftest.err
configure:3440: $? = 0
configure:3443: test -s conftest.o
configure:3446: $? = 0
configure:3457: result: yes
configure:3467: checking for function prototypes
configure:3470: result: yes
configure:3488: checking whether char is unsigned
configure:3511: icc -c -std=c99  conftest.c >&5
configure:3517: $? = 0
configure:3521: test -z 
			 || test ! -s conftest.err
configure:3524: $? = 0
configure:3527: test -s conftest.o
configure:3530: $? = 0
configure:3541: result: no
configure:3551: checking return type of signal handlers
configure:3582: icc -c -std=c99  conftest.c >&5
configure:3588: $? = 0
configure:3592: test -z 
			 || test ! -s conftest.err
configure:3595: $? = 0
configure:3598: test -s conftest.o
configure:3601: $? = 0
configure:3612: result: void
configure:3621: checking for size_t
configure:3645: icc -c -std=c99  conftest.c >&5
conftest.c(59): warning #279: controlling expression is constant
  if ((size_t *) 0)
      ^

configure:3651: $? = 0
configure:3655: test -z 
			 || test ! -s conftest.err
configure:3658: $? = 0
configure:3661: test -s conftest.o
configure:3664: $? = 0
configure:3675: result: yes
configure:3687: checking for ssize_t
configure:3711: icc -c -std=c99  conftest.c >&5
conftest.c(59): warning #279: controlling expression is constant
  if ((ssize_t *) 0)
      ^

configure:3717: $? = 0
configure:3721: test -z 
			 || test ! -s conftest.err
configure:3724: $? = 0
configure:3727: test -s conftest.o
configure:3730: $? = 0
configure:3741: result: yes
configure:3754: checking for ANSI C header files
configure:3910: result: yes
configure:3921: checking whether stat file-mode macros are broken
configure:3969: result: no
configure:3987: checking for dirent.h that defines DIR
configure:4011: icc -c -std=c99  conftest.c >&5
conftest.c(29): warning #279: controlling expression is constant
  if ((DIR *) 0)
      ^

configure:4017: $? = 0
configure:4021: test -z 
			 || test ! -s conftest.err
configure:4024: $? = 0
configure:4027: test -s conftest.o
configure:4030: $? = 0
configure:4041: result: yes
configure:4054: checking for library containing opendir
configure:4084: icc -o conftest -std=c99   conftest.c  >&5
conftest.c(35) (col. 1): warning #980: wrong number of actual arguments to intrinsic function "opendir"

configure:4090: $? = 0
configure:4094: test -z 
			 || test ! -s conftest.err
configure:4097: $? = 0
configure:4100: test -s conftest
configure:4103: $? = 0
configure:4173: result: none required
configure:4316: checking for fcntl
configure:4373: icc -o conftest -std=c99   conftest.c  >&5
configure:4379: $? = 0
configure:4383: test -z 
			 || test ! -s conftest.err
configure:4386: $? = 0
configure:4389: test -s conftest
configure:4392: $? = 0
configure:4404: result: yes
configure:4316: checking for kill
configure:4373: icc -o conftest -std=c99   conftest.c  >&5
configure:4379: $? = 0
configure:4383: test -z 
			 || test ! -s conftest.err
configure:4386: $? = 0
configure:4389: test -s conftest
configure:4392: $? = 0
configure:4404: result: yes
configure:4316: checking for lstat
configure:4373: icc -o conftest -std=c99   conftest.c  >&5
configure:4379: $? = 0
configure:4383: test -z 
			 || test ! -s conftest.err
configure:4386: $? = 0
configure:4389: test -s conftest
configure:4392: $? = 0
configure:4404: result: yes
configure:4427: checking for memmove
configure:4484: icc -o conftest -std=c99   conftest.c  >&5
configure:4490: $? = 0
configure:4494: test -z 
			 || test ! -s conftest.err
configure:4497: $? = 0
configure:4500: test -s conftest
configure:4503: $? = 0
configure:4515: result: yes
configure:4427: checking for putenv
configure:4484: icc -o conftest -std=c99   conftest.c  >&5
configure:4490: $? = 0
configure:4494: test -z 
			 || test ! -s conftest.err
configure:4497: $? = 0
configure:4500: test -s conftest
configure:4503: $? = 0
configure:4515: result: yes
configure:4427: checking for select
configure:4484: icc -o conftest -std=c99   conftest.c  >&5
configure:4490: $? = 0
configure:4494: test -z 
			 || test ! -s conftest.err
configure:4497: $? = 0
configure:4500: test -s conftest
configure:4503: $? = 0
configure:4515: result: yes
configure:4427: checking for setenv
configure:4484: icc -o conftest -std=c99   conftest.c  >&5
configure:4490: $? = 0
configure:4494: test -z 
			 || test ! -s conftest.err
configure:4497: $? = 0
configure:4500: test -s conftest
configure:4503: $? = 0
configure:4515: result: yes
configure:4427: checking for setlocale
configure:4484: icc -o conftest -std=c99   conftest.c  >&5
configure:4490: $? = 0
configure:4494: test -z 
			 || test ! -s conftest.err
configure:4497: $? = 0
configure:4500: test -s conftest
configure:4503: $? = 0
configure:4515: result: yes
configure:4427: checking for strcasecmp
configure:4484: icc -o conftest -std=c99   conftest.c  >&5
configure:4490: $? = 0
configure:4494: test -z 
			 || test ! -s conftest.err
configure:4497: $? = 0
configure:4500: test -s conftest
configure:4503: $? = 0
configure:4515: result: yes
configure:4427: checking for strpbrk
configure:4484: icc -o conftest -std=c99   conftest.c  >&5
configure:4490: $? = 0
configure:4494: test -z 
			 || test ! -s conftest.err
configure:4497: $? = 0
configure:4500: test -s conftest
configure:4503: $? = 0
configure:4515: result: yes
configure:4427: checking for tcgetattr
configure:4484: icc -o conftest -std=c99   conftest.c  >&5
configure:4490: $? = 0
configure:4494: test -z 
			 || test ! -s conftest.err
configure:4497: $? = 0
configure:4500: test -s conftest
configure:4503: $? = 0
configure:4515: result: yes
configure:4427: checking for vsnprintf
configure:4484: icc -o conftest -std=c99   conftest.c  >&5
configure:4490: $? = 0
configure:4494: test -z 
			 || test ! -s conftest.err
configure:4497: $? = 0
configure:4500: test -s conftest
configure:4503: $? = 0
configure:4515: result: yes
configure:4530: checking for isascii
configure:4587: icc -o conftest -std=c99   conftest.c  >&5
configure:4593: $? = 0
configure:4597: test -z 
			 || test ! -s conftest.err
configure:4600: $? = 0
configure:4603: test -s conftest
configure:4606: $? = 0
configure:4618: result: yes
configure:4530: checking for isxdigit
configure:4587: icc -o conftest -std=c99   conftest.c  >&5
configure:4593: $? = 0
configure:4597: test -z 
			 || test ! -s conftest.err
configure:4600: $? = 0
configure:4603: test -s conftest
configure:4606: $? = 0
configure:4618: result: yes
configure:4634: checking for getpwent
configure:4691: icc -o conftest -std=c99   conftest.c  >&5
configure:4697: $? = 0
configure:4701: test -z 
			 || test ! -s conftest.err
configure:4704: $? = 0
configure:4707: test -s conftest
configure:4710: $? = 0
configure:4722: result: yes
configure:4634: checking for getpwnam
configure:4691: icc -o conftest -std=c99   conftest.c  >&5
configure:4697: $? = 0
configure:4701: test -z 
			 || test ! -s conftest.err
configure:4704: $? = 0
configure:4707: test -s conftest
configure:4710: $? = 0
configure:4722: result: yes
configure:4634: checking for getpwuid
configure:4691: icc -o conftest -std=c99   conftest.c  >&5
configure:4697: $? = 0
configure:4701: test -z 
			 || test ! -s conftest.err
configure:4704: $? = 0
configure:4707: test -s conftest
configure:4710: $? = 0
configure:4722: result: yes
configure:4733: checking for working strcoll
configure:4759: icc -o conftest -std=c99   conftest.c  >&5
configure:4762: $? = 0
configure:4764: ./conftest
configure:4767: $? = 0
configure:4781: result: yes
configure:4820: checking fcntl.h usability
configure:4832: icc -c -std=c99  conftest.c >&5
configure:4838: $? = 0
configure:4842: test -z 
			 || test ! -s conftest.err
configure:4845: $? = 0
configure:4848: test -s conftest.o
configure:4851: $? = 0
configure:4861: result: yes
configure:4865: checking fcntl.h presence
configure:4875: icc -E  conftest.c
configure:4881: $? = 0
configure:4901: result: yes
configure:4936: checking for fcntl.h
configure:4943: result: yes
configure:4811: checking for unistd.h
configure:4816: result: yes
configure:4811: checking for stdlib.h
configure:4816: result: yes
configure:4820: checking varargs.h usability
configure:4832: icc -c -std=c99  conftest.c >&5
/usr/lib/gcc/i686-apple-darwin9/4.0.1/include/varargs.h(4): catastrophic error: #error directive: "GCC no longer implements <varargs.h>."
  #error "GCC no longer implements <varargs.h>."
   ^

compilation aborted for conftest.c (code 4)
configure:4838: $? = 4
configure: failed program was:
| /* confdefs.h.  */
| 
| #define PACKAGE_NAME "readline"
| #define PACKAGE_TARNAME "readline"
| #define PACKAGE_VERSION "5.2"
| #define PACKAGE_STRING "readline 5.2"
| #define PACKAGE_BUGREPORT "bug-readline@gnu.org"
| #define STDC_HEADERS 1
| #define HAVE_SYS_TYPES_H 1
| #define HAVE_SYS_STAT_H 1
| #define HAVE_STDLIB_H 1
| #define HAVE_STRING_H 1
| #define HAVE_MEMORY_H 1
| #define HAVE_STRINGS_H 1
| #define HAVE_INTTYPES_H 1
| #define HAVE_STDINT_H 1
| #define HAVE_UNISTD_H 1
| #define PROTOTYPES 1
| #define __PROTOTYPES 1
| #define RETSIGTYPE void
| #define STDC_HEADERS 1
| #define HAVE_DIRENT_H 1
| #define HAVE_FCNTL 1
| #define HAVE_KILL 1
| #define HAVE_LSTAT 1
| #define HAVE_MEMMOVE 1
| #define HAVE_PUTENV 1
| #define HAVE_SELECT 1
| #define HAVE_SETENV 1
| #define HAVE_SETLOCALE 1
| #define HAVE_STRCASECMP 1
| #define HAVE_STRPBRK 1
| #define HAVE_TCGETATTR 1
| #define HAVE_VSNPRINTF 1
| #define HAVE_ISASCII 1
| #define HAVE_ISXDIGIT 1
| #define HAVE_GETPWENT 1
| #define HAVE_GETPWNAM 1
| #define HAVE_GETPWUID 1
| #define HAVE_STRCOLL 1
| #define HAVE_FCNTL_H 1
| #define HAVE_UNISTD_H 1
| #define HAVE_STDLIB_H 1
| /* end confdefs.h.  */
| #include <stdio.h>
| #if HAVE_SYS_TYPES_H
| # include <sys/types.h>
| #endif
| #if HAVE_SYS_STAT_H
| # include <sys/stat.h>
| #endif
| #if STDC_HEADERS
| # include <stdlib.h>
| # include <stddef.h>
| #else
| # if HAVE_STDLIB_H
| #  include <stdlib.h>
| # endif
| #endif
| #if HAVE_STRING_H
| # if !STDC_HEADERS && HAVE_MEMORY_H
| #  include <memory.h>
| # endif
| # include <string.h>
| #endif
| #if HAVE_STRINGS_H
| # include <strings.h>
| #endif
| #if HAVE_INTTYPES_H
| # include <inttypes.h>
| #else
| # if HAVE_STDINT_H
| #  include <stdint.h>
| # endif
| #endif
| #if HAVE_UNISTD_H
| # include <unistd.h>
| #endif
| #include <varargs.h>
configure:4861: result: no
configure:4865: checking varargs.h presence
configure:4875: icc -E  conftest.c
/usr/lib/gcc/i686-apple-darwin9/4.0.1/include/varargs.h(4): catastrophic error: #error directive: "GCC no longer implements <varargs.h>."
  #error "GCC no longer implements <varargs.h>."
   ^

configure:4881: $? = 4
configure: failed program was:
| /* confdefs.h.  */
| 
| #define PACKAGE_NAME "readline"
| #define PACKAGE_TARNAME "readline"
| #define PACKAGE_VERSION "5.2"
| #define PACKAGE_STRING "readline 5.2"
| #define PACKAGE_BUGREPORT "bug-readline@gnu.org"
| #define STDC_HEADERS 1
| #define HAVE_SYS_TYPES_H 1
| #define HAVE_SYS_STAT_H 1
| #define HAVE_STDLIB_H 1
| #define HAVE_STRING_H 1
| #define HAVE_MEMORY_H 1
| #define HAVE_STRINGS_H 1
| #define HAVE_INTTYPES_H 1
| #define HAVE_STDINT_H 1
| #define HAVE_UNISTD_H 1
| #define PROTOTYPES 1
| #define __PROTOTYPES 1
| #define RETSIGTYPE void
| #define STDC_HEADERS 1
| #define HAVE_DIRENT_H 1
| #define HAVE_FCNTL 1
| #define HAVE_KILL 1
| #define HAVE_LSTAT 1
| #define HAVE_MEMMOVE 1
| #define HAVE_PUTENV 1
| #define HAVE_SELECT 1
| #define HAVE_SETENV 1
| #define HAVE_SETLOCALE 1
| #define HAVE_STRCASECMP 1
| #define HAVE_STRPBRK 1
| #define HAVE_TCGETATTR 1
| #define HAVE_VSNPRINTF 1
| #define HAVE_ISASCII 1
| #define HAVE_ISXDIGIT 1
| #define HAVE_GETPWENT 1
| #define HAVE_GETPWNAM 1
| #define HAVE_GETPWUID 1
| #define HAVE_STRCOLL 1
| #define HAVE_FCNTL_H 1
| #define HAVE_UNISTD_H 1
| #define HAVE_STDLIB_H 1
| /* end confdefs.h.  */
| #include <varargs.h>
configure:4901: result: no
configure:4936: checking for varargs.h
configure:4943: result: no
configure:4820: checking stdarg.h usability
configure:4832: icc -c -std=c99  conftest.c >&5
configure:4838: $? = 0
configure:4842: test -z 
			 || test ! -s conftest.err
configure:4845: $? = 0
configure:4848: test -s conftest.o
configure:4851: $? = 0
configure:4861: result: yes
configure:4865: checking stdarg.h presence
configure:4875: icc -E  conftest.c
configure:4881: $? = 0
configure:4901: result: yes
configure:4936: checking for stdarg.h
configure:4943: result: yes
configure:4811: checking for string.h
configure:4816: result: yes
configure:4811: checking for strings.h
configure:4816: result: yes
configure:4820: checking limits.h usability
configure:4832: icc -c -std=c99  conftest.c >&5
configure:4838: $? = 0
configure:4842: test -z 
			 || test ! -s conftest.err
configure:4845: $? = 0
configure:4848: test -s conftest.o
configure:4851: $? = 0
configure:4861: result: yes
configure:4865: checking limits.h presence
configure:4875: icc -E  conftest.c
configure:4881: $? = 0
configure:4901: result: yes
configure:4936: checking for limits.h
configure:4943: result: yes
configure:4820: checking locale.h usability
configure:4832: icc -c -std=c99  conftest.c >&5
configure:4838: $? = 0
configure:4842: test -z 
			 || test ! -s conftest.err
configure:4845: $? = 0
configure:4848: test -s conftest.o
configure:4851: $? = 0
configure:4861: result: yes
configure:4865: checking locale.h presence
configure:4875: icc -E  conftest.c
configure:4881: $? = 0
configure:4901: result: yes
configure:4936: checking for locale.h
configure:4943: result: yes
configure:4820: checking pwd.h usability
configure:4832: icc -c -std=c99  conftest.c >&5
configure:4838: $? = 0
configure:4842: test -z 
			 || test ! -s conftest.err
configure:4845: $? = 0
configure:4848: test -s conftest.o
configure:4851: $? = 0
configure:4861: result: yes
configure:4865: checking pwd.h presence
configure:4875: icc -E  conftest.c
configure:4881: $? = 0
configure:4901: result: yes
configure:4936: checking for pwd.h
configure:4943: result: yes
configure:4811: checking for memory.h
configure:4816: result: yes
configure:4820: checking termcap.h usability
configure:4832: icc -c -std=c99  conftest.c >&5
configure:4838: $? = 0
configure:4842: test -z 
			 || test ! -s conftest.err
configure:4845: $? = 0
configure:4848: test -s conftest.o
configure:4851: $? = 0
configure:4861: result: yes
configure:4865: checking termcap.h presence
configure:4875: icc -E  conftest.c
configure:4881: $? = 0
configure:4901: result: yes
configure:4936: checking for termcap.h
configure:4943: result: yes
configure:4820: checking termios.h usability
configure:4832: icc -c -std=c99  conftest.c >&5
configure:4838: $? = 0
configure:4842: test -z 
			 || test ! -s conftest.err
configure:4845: $? = 0
configure:4848: test -s conftest.o
configure:4851: $? = 0
configure:4861: result: yes
configure:4865: checking termios.h presence
configure:4875: icc -E  conftest.c
configure:4881: $? = 0
configure:4901: result: yes
configure:4936: checking for termios.h
configure:4943: result: yes
configure:4820: checking termio.h usability
configure:4832: icc -c -std=c99  conftest.c >&5
conftest.c(88): catastrophic error: could not open source file "termio.h"
  #include <termio.h>
                     ^

compilation aborted for conftest.c (code 4)
configure:4838: $? = 4
configure: failed program was:
| /* confdefs.h.  */
| 
| #define PACKAGE_NAME "readline"
| #define PACKAGE_TARNAME "readline"
| #define PACKAGE_VERSION "5.2"
| #define PACKAGE_STRING "readline 5.2"
| #define PACKAGE_BUGREPORT "bug-readline@gnu.org"
| #define STDC_HEADERS 1
| #define HAVE_SYS_TYPES_H 1
| #define HAVE_SYS_STAT_H 1
| #define HAVE_STDLIB_H 1
| #define HAVE_STRING_H 1
| #define HAVE_MEMORY_H 1
| #define HAVE_STRINGS_H 1
| #define HAVE_INTTYPES_H 1
| #define HAVE_STDINT_H 1
| #define HAVE_UNISTD_H 1
| #define PROTOTYPES 1
| #define __PROTOTYPES 1
| #define RETSIGTYPE void
| #define STDC_HEADERS 1
| #define HAVE_DIRENT_H 1
| #define HAVE_FCNTL 1
| #define HAVE_KILL 1
| #define HAVE_LSTAT 1
| #define HAVE_MEMMOVE 1
| #define HAVE_PUTENV 1
| #define HAVE_SELECT 1
| #define HAVE_SETENV 1
| #define HAVE_SETLOCALE 1
| #define HAVE_STRCASECMP 1
| #define HAVE_STRPBRK 1
| #define HAVE_TCGETATTR 1
| #define HAVE_VSNPRINTF 1
| #define HAVE_ISASCII 1
| #define HAVE_ISXDIGIT 1
| #define HAVE_GETPWENT 1
| #define HAVE_GETPWNAM 1
| #define HAVE_GETPWUID 1
| #define HAVE_STRCOLL 1
| #define HAVE_FCNTL_H 1
| #define HAVE_UNISTD_H 1
| #define HAVE_STDLIB_H 1
| #define HAVE_STDARG_H 1
| #define HAVE_STRING_H 1
| #define HAVE_STRINGS_H 1
| #define HAVE_LIMITS_H 1
| #define HAVE_LOCALE_H 1
| #define HAVE_PWD_H 1
| #define HAVE_MEMORY_H 1
| #define HAVE_TERMCAP_H 1
| #define HAVE_TERMIOS_H 1
| /* end confdefs.h.  */
| #include <stdio.h>
| #if HAVE_SYS_TYPES_H
| # include <sys/types.h>
| #endif
| #if HAVE_SYS_STAT_H
| # include <sys/stat.h>
| #endif
| #if STDC_HEADERS
| # include <stdlib.h>
| # include <stddef.h>
| #else
| # if HAVE_STDLIB_H
| #  include <stdlib.h>
| # endif
| #endif
| #if HAVE_STRING_H
| # if !STDC_HEADERS && HAVE_MEMORY_H
| #  include <memory.h>
| # endif
| # include <string.h>
| #endif
| #if HAVE_STRINGS_H
| # include <strings.h>
| #endif
| #if HAVE_INTTYPES_H
| # include <inttypes.h>
| #else
| # if HAVE_STDINT_H
| #  include <stdint.h>
| # endif
| #endif
| #if HAVE_UNISTD_H
| # include <unistd.h>
| #endif
| #include <termio.h>
configure:4861: result: no
configure:4865: checking termio.h presence
configure:4875: icc -E  conftest.c
conftest.c(54): error #5: could not open source file "termio.h"
  #include <termio.h>
                     ^

configure:4881: $? = 2
configure: failed program was:
| /* confdefs.h.  */
| 
| #define PACKAGE_NAME "readline"
| #define PACKAGE_TARNAME "readline"
| #define PACKAGE_VERSION "5.2"
| #define PACKAGE_STRING "readline 5.2"
| #define PACKAGE_BUGREPORT "bug-readline@gnu.org"
| #define STDC_HEADERS 1
| #define HAVE_SYS_TYPES_H 1
| #define HAVE_SYS_STAT_H 1
| #define HAVE_STDLIB_H 1
| #define HAVE_STRING_H 1
| #define HAVE_MEMORY_H 1
| #define HAVE_STRINGS_H 1
| #define HAVE_INTTYPES_H 1
| #define HAVE_STDINT_H 1
| #define HAVE_UNISTD_H 1
| #define PROTOTYPES 1
| #define __PROTOTYPES 1
| #define RETSIGTYPE void
| #define STDC_HEADERS 1
| #define HAVE_DIRENT_H 1
| #define HAVE_FCNTL 1
| #define HAVE_KILL 1
| #define HAVE_LSTAT 1
| #define HAVE_MEMMOVE 1
| #define HAVE_PUTENV 1
| #define HAVE_SELECT 1
| #define HAVE_SETENV 1
| #define HAVE_SETLOCALE 1
| #define HAVE_STRCASECMP 1
| #define HAVE_STRPBRK 1
| #define HAVE_TCGETATTR 1
| #define HAVE_VSNPRINTF 1
| #define HAVE_ISASCII 1
| #define HAVE_ISXDIGIT 1
| #define HAVE_GETPWENT 1
| #define HAVE_GETPWNAM 1
| #define HAVE_GETPWUID 1
| #define HAVE_STRCOLL 1
| #define HAVE_FCNTL_H 1
| #define HAVE_UNISTD_H 1
| #define HAVE_STDLIB_H 1
| #define HAVE_STDARG_H 1
| #define HAVE_STRING_H 1
| #define HAVE_STRINGS_H 1
| #define HAVE_LIMITS_H 1
| #define HAVE_LOCALE_H 1
| #define HAVE_PWD_H 1
| #define HAVE_MEMORY_H 1
| #define HAVE_TERMCAP_H 1
| #define HAVE_TERMIOS_H 1
| /* end confdefs.h.  */
| #include <termio.h>
configure:4901: result: no
configure:4936: checking for termio.h
configure:4943: result: no
configure:4973: checking sys/pte.h usability
configure:4985: icc -c -std=c99  conftest.c >&5
conftest.c(88): catastrophic error: could not open source file "sys/pte.h"
  #include <sys/pte.h>
                      ^

compilation aborted for conftest.c (code 4)
configure:4991: $? = 4
configure: failed program was:
| /* confdefs.h.  */
| 
| #define PACKAGE_NAME "readline"
| #define PACKAGE_TARNAME "readline"
| #define PACKAGE_VERSION "5.2"
| #define PACKAGE_STRING "readline 5.2"
| #define PACKAGE_BUGREPORT "bug-readline@gnu.org"
| #define STDC_HEADERS 1
| #define HAVE_SYS_TYPES_H 1
| #define HAVE_SYS_STAT_H 1
| #define HAVE_STDLIB_H 1
| #define HAVE_STRING_H 1
| #define HAVE_MEMORY_H 1
| #define HAVE_STRINGS_H 1
| #define HAVE_INTTYPES_H 1
| #define HAVE_STDINT_H 1
| #define HAVE_UNISTD_H 1
| #define PROTOTYPES 1
| #define __PROTOTYPES 1
| #define RETSIGTYPE void
| #define STDC_HEADERS 1
| #define HAVE_DIRENT_H 1
| #define HAVE_FCNTL 1
| #define HAVE_KILL 1
| #define HAVE_LSTAT 1
| #define HAVE_MEMMOVE 1
| #define HAVE_PUTENV 1
| #define HAVE_SELECT 1
| #define HAVE_SETENV 1
| #define HAVE_SETLOCALE 1
| #define HAVE_STRCASECMP 1
| #define HAVE_STRPBRK 1
| #define HAVE_TCGETATTR 1
| #define HAVE_VSNPRINTF 1
| #define HAVE_ISASCII 1
| #define HAVE_ISXDIGIT 1
| #define HAVE_GETPWENT 1
| #define HAVE_GETPWNAM 1
| #define HAVE_GETPWUID 1
| #define HAVE_STRCOLL 1
| #define HAVE_FCNTL_H 1
| #define HAVE_UNISTD_H 1
| #define HAVE_STDLIB_H 1
| #define HAVE_STDARG_H 1
| #define HAVE_STRING_H 1
| #define HAVE_STRINGS_H 1
| #define HAVE_LIMITS_H 1
| #define HAVE_LOCALE_H 1
| #define HAVE_PWD_H 1
| #define HAVE_MEMORY_H 1
| #define HAVE_TERMCAP_H 1
| #define HAVE_TERMIOS_H 1
| /* end confdefs.h.  */
| #include <stdio.h>
| #if HAVE_SYS_TYPES_H
| # include <sys/types.h>
| #endif
| #if HAVE_SYS_STAT_H
| # include <sys/stat.h>
| #endif
| #if STDC_HEADERS
| # include <stdlib.h>
| # include <stddef.h>
| #else
| # if HAVE_STDLIB_H
| #  include <stdlib.h>
| # endif
| #endif
| #if HAVE_STRING_H
| # if !STDC_HEADERS && HAVE_MEMORY_H
| #  include <memory.h>
| # endif
| # include <string.h>
| #endif
| #if HAVE_STRINGS_H
| # include <strings.h>
| #endif
| #if HAVE_INTTYPES_H
| # include <inttypes.h>
| #else
| # if HAVE_STDINT_H
| #  include <stdint.h>
| # endif
| #endif
| #if HAVE_UNISTD_H
| # include <unistd.h>
| #endif
| #include <sys/pte.h>
configure:5014: result: no
configure:5018: checking sys/pte.h presence
configure:5028: icc -E  conftest.c
conftest.c(54): error #5: could not open source file "sys/pte.h"
  #include <sys/pte.h>
                      ^

configure:5034: $? = 2
configure: failed program was:
| /* confdefs.h.  */
| 
| #define PACKAGE_NAME "readline"
| #define PACKAGE_TARNAME "readline"
| #define PACKAGE_VERSION "5.2"
| #define PACKAGE_STRING "readline 5.2"
| #define PACKAGE_BUGREPORT "bug-readline@gnu.org"
| #define STDC_HEADERS 1
| #define HAVE_SYS_TYPES_H 1
| #define HAVE_SYS_STAT_H 1
| #define HAVE_STDLIB_H 1
| #define HAVE_STRING_H 1
| #define HAVE_MEMORY_H 1
| #define HAVE_STRINGS_H 1
| #define HAVE_INTTYPES_H 1
| #define HAVE_STDINT_H 1
| #define HAVE_UNISTD_H 1
| #define PROTOTYPES 1
| #define __PROTOTYPES 1
| #define RETSIGTYPE void
| #define STDC_HEADERS 1
| #define HAVE_DIRENT_H 1
| #define HAVE_FCNTL 1
| #define HAVE_KILL 1
| #define HAVE_LSTAT 1
| #define HAVE_MEMMOVE 1
| #define HAVE_PUTENV 1
| #define HAVE_SELECT 1
| #define HAVE_SETENV 1
| #define HAVE_SETLOCALE 1
| #define HAVE_STRCASECMP 1
| #define HAVE_STRPBRK 1
| #define HAVE_TCGETATTR 1
| #define HAVE_VSNPRINTF 1
| #define HAVE_ISASCII 1
| #define HAVE_ISXDIGIT 1
| #define HAVE_GETPWENT 1
| #define HAVE_GETPWNAM 1
| #define HAVE_GETPWUID 1
| #define HAVE_STRCOLL 1
| #define HAVE_FCNTL_H 1
| #define HAVE_UNISTD_H 1
| #define HAVE_STDLIB_H 1
| #define HAVE_STDARG_H 1
| #define HAVE_STRING_H 1
| #define HAVE_STRINGS_H 1
| #define HAVE_LIMITS_H 1
| #define HAVE_LOCALE_H 1
| #define HAVE_PWD_H 1
| #define HAVE_MEMORY_H 1
| #define HAVE_TERMCAP_H 1
| #define HAVE_TERMIOS_H 1
| /* end confdefs.h.  */
| #include <sys/pte.h>
configure:5054: result: no
configure:5089: checking for sys/pte.h
configure:5096: result: no
configure:4973: checking sys/stream.h usability
configure:4985: icc -c -std=c99  conftest.c >&5
conftest.c(88): catastrophic error: could not open source file "sys/stream.h"
  #include <sys/stream.h>
                         ^

compilation aborted for conftest.c (code 4)
configure:4991: $? = 4
configure: failed program was:
| /* confdefs.h.  */
| 
| #define PACKAGE_NAME "readline"
| #define PACKAGE_TARNAME "readline"
| #define PACKAGE_VERSION "5.2"
| #define PACKAGE_STRING "readline 5.2"
| #define PACKAGE_BUGREPORT "bug-readline@gnu.org"
| #define STDC_HEADERS 1
| #define HAVE_SYS_TYPES_H 1
| #define HAVE_SYS_STAT_H 1
| #define HAVE_STDLIB_H 1
| #define HAVE_STRING_H 1
| #define HAVE_MEMORY_H 1
| #define HAVE_STRINGS_H 1
| #define HAVE_INTTYPES_H 1
| #define HAVE_STDINT_H 1
| #define HAVE_UNISTD_H 1
| #define PROTOTYPES 1
| #define __PROTOTYPES 1
| #define RETSIGTYPE void
| #define STDC_HEADERS 1
| #define HAVE_DIRENT_H 1
| #define HAVE_FCNTL 1
| #define HAVE_KILL 1
| #define HAVE_LSTAT 1
| #define HAVE_MEMMOVE 1
| #define HAVE_PUTENV 1
| #define HAVE_SELECT 1
| #define HAVE_SETENV 1
| #define HAVE_SETLOCALE 1
| #define HAVE_STRCASECMP 1
| #define HAVE_STRPBRK 1
| #define HAVE_TCGETATTR 1
| #define HAVE_VSNPRINTF 1
| #define HAVE_ISASCII 1
| #define HAVE_ISXDIGIT 1
| #define HAVE_GETPWENT 1
| #define HAVE_GETPWNAM 1
| #define HAVE_GETPWUID 1
| #define HAVE_STRCOLL 1
| #define HAVE_FCNTL_H 1
| #define HAVE_UNISTD_H 1
| #define HAVE_STDLIB_H 1
| #define HAVE_STDARG_H 1
| #define HAVE_STRING_H 1
| #define HAVE_STRINGS_H 1
| #define HAVE_LIMITS_H 1
| #define HAVE_LOCALE_H 1
| #define HAVE_PWD_H 1
| #define HAVE_MEMORY_H 1
| #define HAVE_TERMCAP_H 1
| #define HAVE_TERMIOS_H 1
| /* end confdefs.h.  */
| #include <stdio.h>
| #if HAVE_SYS_TYPES_H
| # include <sys/types.h>
| #endif
| #if HAVE_SYS_STAT_H
| # include <sys/stat.h>
| #endif
| #if STDC_HEADERS
| # include <stdlib.h>
| # include <stddef.h>
| #else
| # if HAVE_STDLIB_H
| #  include <stdlib.h>
| # endif
| #endif
| #if HAVE_STRING_H
| # if !STDC_HEADERS && HAVE_MEMORY_H
| #  include <memory.h>
| # endif
| # include <string.h>
| #endif
| #if HAVE_STRINGS_H
| # include <strings.h>
| #endif
| #if HAVE_INTTYPES_H
| # include <inttypes.h>
| #else
| # if HAVE_STDINT_H
| #  include <stdint.h>
| # endif
| #endif
| #if HAVE_UNISTD_H
| # include <unistd.h>
| #endif
| #include <sys/stream.h>
configure:5014: result: no
configure:5018: checking sys/stream.h presence
configure:5028: icc -E  conftest.c
conftest.c(54): error #5: could not open source file "sys/stream.h"
  #include <sys/stream.h>
                         ^

configure:5034: $? = 2
configure: failed program was:
| /* confdefs.h.  */
| 
| #define PACKAGE_NAME "readline"
| #define PACKAGE_TARNAME "readline"
| #define PACKAGE_VERSION "5.2"
| #define PACKAGE_STRING "readline 5.2"
| #define PACKAGE_BUGREPORT "bug-readline@gnu.org"
| #define STDC_HEADERS 1
| #define HAVE_SYS_TYPES_H 1
| #define HAVE_SYS_STAT_H 1
| #define HAVE_STDLIB_H 1
| #define HAVE_STRING_H 1
| #define HAVE_MEMORY_H 1
| #define HAVE_STRINGS_H 1
| #define HAVE_INTTYPES_H 1
| #define HAVE_STDINT_H 1
| #define HAVE_UNISTD_H 1
| #define PROTOTYPES 1
| #define __PROTOTYPES 1
| #define RETSIGTYPE void
| #define STDC_HEADERS 1
| #define HAVE_DIRENT_H 1
| #define HAVE_FCNTL 1
| #define HAVE_KILL 1
| #define HAVE_LSTAT 1
| #define HAVE_MEMMOVE 1
| #define HAVE_PUTENV 1
| #define HAVE_SELECT 1
| #define HAVE_SETENV 1
| #define HAVE_SETLOCALE 1
| #define HAVE_STRCASECMP 1
| #define HAVE_STRPBRK 1
| #define HAVE_TCGETATTR 1
| #define HAVE_VSNPRINTF 1
| #define HAVE_ISASCII 1
| #define HAVE_ISXDIGIT 1
| #define HAVE_GETPWENT 1
| #define HAVE_GETPWNAM 1
| #define HAVE_GETPWUID 1
| #define HAVE_STRCOLL 1
| #define HAVE_FCNTL_H 1
| #define HAVE_UNISTD_H 1
| #define HAVE_STDLIB_H 1
| #define HAVE_STDARG_H 1
| #define HAVE_STRING_H 1
| #define HAVE_STRINGS_H 1
| #define HAVE_LIMITS_H 1
| #define HAVE_LOCALE_H 1
| #define HAVE_PWD_H 1
| #define HAVE_MEMORY_H 1
| #define HAVE_TERMCAP_H 1
| #define HAVE_TERMIOS_H 1
| /* end confdefs.h.  */
| #include <sys/stream.h>
configure:5054: result: no
configure:5089: checking for sys/stream.h
configure:5096: result: no
configure:4973: checking sys/select.h usability
configure:4985: icc -c -std=c99  conftest.c >&5
configure:4991: $? = 0
configure:4995: test -z 
			 || test ! -s conftest.err
configure:4998: $? = 0
configure:5001: test -s conftest.o
configure:5004: $? = 0
configure:5014: result: yes
configure:5018: checking sys/select.h presence
configure:5028: icc -E  conftest.c
configure:5034: $? = 0
configure:5054: result: yes
configure:5089: checking for sys/select.h
configure:5096: result: yes
configure:4973: checking sys/file.h usability
configure:4985: icc -c -std=c99  conftest.c >&5
configure:4991: $? = 0
configure:4995: test -z 
			 || test ! -s conftest.err
configure:4998: $? = 0
configure:5001: test -s conftest.o
configure:5004: $? = 0
configure:5014: result: yes
configure:5018: checking sys/file.h presence
configure:5028: icc -E  conftest.c
configure:5034: $? = 0
configure:5054: result: yes
configure:5089: checking for sys/file.h
configure:5096: result: yes
configure:5114: checking for sys/ptem.h
configure:5134: icc -c -std=c99  conftest.c >&5
conftest.c(62): catastrophic error: could not open source file "sys/ptem.h"
  #include <sys/ptem.h>
                       ^

compilation aborted for conftest.c (code 4)
configure:5140: $? = 4
configure: failed program was:
| /* confdefs.h.  */
| 
| #define PACKAGE_NAME "readline"
| #define PACKAGE_TARNAME "readline"
| #define PACKAGE_VERSION "5.2"
| #define PACKAGE_STRING "readline 5.2"
| #define PACKAGE_BUGREPORT "bug-readline@gnu.org"
| #define STDC_HEADERS 1
| #define HAVE_SYS_TYPES_H 1
| #define HAVE_SYS_STAT_H 1
| #define HAVE_STDLIB_H 1
| #define HAVE_STRING_H 1
| #define HAVE_MEMORY_H 1
| #define HAVE_STRINGS_H 1
| #define HAVE_INTTYPES_H 1
| #define HAVE_STDINT_H 1
| #define HAVE_UNISTD_H 1
| #define PROTOTYPES 1
| #define __PROTOTYPES 1
| #define RETSIGTYPE void
| #define STDC_HEADERS 1
| #define HAVE_DIRENT_H 1
| #define HAVE_FCNTL 1
| #define HAVE_KILL 1
| #define HAVE_LSTAT 1
| #define HAVE_MEMMOVE 1
| #define HAVE_PUTENV 1
| #define HAVE_SELECT 1
| #define HAVE_SETENV 1
| #define HAVE_SETLOCALE 1
| #define HAVE_STRCASECMP 1
| #define HAVE_STRPBRK 1
| #define HAVE_TCGETATTR 1
| #define HAVE_VSNPRINTF 1
| #define HAVE_ISASCII 1
| #define HAVE_ISXDIGIT 1
| #define HAVE_GETPWENT 1
| #define HAVE_GETPWNAM 1
| #define HAVE_GETPWUID 1
| #define HAVE_STRCOLL 1
| #define HAVE_FCNTL_H 1
| #define HAVE_UNISTD_H 1
| #define HAVE_STDLIB_H 1
| #define HAVE_STDARG_H 1
| #define HAVE_STRING_H 1
| #define HAVE_STRINGS_H 1
| #define HAVE_LIMITS_H 1
| #define HAVE_LOCALE_H 1
| #define HAVE_PWD_H 1
| #define HAVE_MEMORY_H 1
| #define HAVE_TERMCAP_H 1
| #define HAVE_TERMIOS_H 1
| #define HAVE_SYS_SELECT_H 1
| #define HAVE_SYS_FILE_H 1
| /* end confdefs.h.  */
| 
| #if HAVE_SYS_STREAM_H
| #  include <sys/stream.h>
| #endif
| 
| 
| #include <sys/ptem.h>
configure:5164: result: no
configure:5177: checking for type of signal functions
configure:5205: icc -o conftest -std=c99   conftest.c  >&5
configure:5211: $? = 0
configure:5215: test -z 
			 || test ! -s conftest.err
configure:5218: $? = 0
configure:5221: test -s conftest
configure:5224: $? = 0
configure:5342: result: posix
configure:5363: checking if signal handlers must be reinstalled when invoked
configure:5426: icc -o conftest -std=c99   conftest.c  >&5
conftest.c(98): warning #266: function "exit" declared implicitly
  	exit(nsigint != 2);
  	^

configure:5429: $? = 0
configure:5431: ./conftest
configure:5434: $? = 0
configure:5449: result: no
configure:5460: checking for presence of POSIX-style sigsetjmp/siglongjmp
configure:5517: icc -o conftest -std=c99   conftest.c  >&5
conftest.c(84): warning #266: function "exit" declared implicitly
    exit(0);	/* could get sigmask and compare to oset here. */
    ^

conftest.c(92): warning #266: function "exit" declared implicitly
  exit(1);
  ^

configure:5520: $? = 0
configure:5522: ./conftest
configure:5525: $? = 0
configure:5540: result: present
configure:5549: checking for lstat
configure:5573: icc -o conftest -std=c99   conftest.c  >&5
configure:5579: $? = 0
configure:5583: test -z 
			 || test ! -s conftest.err
configure:5586: $? = 0
configure:5589: test -s conftest
configure:5592: $? = 0
configure:5604: result: yes
configure:5614: checking whether or not strcoll and strcmp differ
configure:5669: icc -o conftest -std=c99   conftest.c  >&5
conftest.c(79): warning #266: function "strcoll" declared implicitly
          r1 = strcoll("abd", "aXd");
               ^

conftest.c(83): warning #266: function "strcmp" declared implicitly
          r2 = strcmp("abd", "aXd");
               ^

conftest.c(92): warning #266: function "exit" declared implicitly
  	exit (r1 > 0 && r2 > 0);
  	^

configure:5672: $? = 0
configure:5674: ./conftest
configure:5677: $? = 1
configure: program exited with status 1
configure: failed program was:
| /* confdefs.h.  */
| 
| #define PACKAGE_NAME "readline"
| #define PACKAGE_TARNAME "readline"
| #define PACKAGE_VERSION "5.2"
| #define PACKAGE_STRING "readline 5.2"
| #define PACKAGE_BUGREPORT "bug-readline@gnu.org"
| #define STDC_HEADERS 1
| #define HAVE_SYS_TYPES_H 1
| #define HAVE_SYS_STAT_H 1
| #define HAVE_STDLIB_H 1
| #define HAVE_STRING_H 1
| #define HAVE_MEMORY_H 1
| #define HAVE_STRINGS_H 1
| #define HAVE_INTTYPES_H 1
| #define HAVE_STDINT_H 1
| #define HAVE_UNISTD_H 1
| #define PROTOTYPES 1
| #define __PROTOTYPES 1
| #define RETSIGTYPE void
| #define STDC_HEADERS 1
| #define HAVE_DIRENT_H 1
| #define HAVE_FCNTL 1
| #define HAVE_KILL 1
| #define HAVE_LSTAT 1
| #define HAVE_MEMMOVE 1
| #define HAVE_PUTENV 1
| #define HAVE_SELECT 1
| #define HAVE_SETENV 1
| #define HAVE_SETLOCALE 1
| #define HAVE_STRCASECMP 1
| #define HAVE_STRPBRK 1
| #define HAVE_TCGETATTR 1
| #define HAVE_VSNPRINTF 1
| #define HAVE_ISASCII 1
| #define HAVE_ISXDIGIT 1
| #define HAVE_GETPWENT 1
| #define HAVE_GETPWNAM 1
| #define HAVE_GETPWUID 1
| #define HAVE_STRCOLL 1
| #define HAVE_FCNTL_H 1
| #define HAVE_UNISTD_H 1
| #define HAVE_STDLIB_H 1
| #define HAVE_STDARG_H 1
| #define HAVE_STRING_H 1
| #define HAVE_STRINGS_H 1
| #define HAVE_LIMITS_H 1
| #define HAVE_LOCALE_H 1
| #define HAVE_PWD_H 1
| #define HAVE_MEMORY_H 1
| #define HAVE_TERMCAP_H 1
| #define HAVE_TERMIOS_H 1
| #define HAVE_SYS_SELECT_H 1
| #define HAVE_SYS_FILE_H 1
| #define HAVE_POSIX_SIGNALS 1
| #define HAVE_POSIX_SIGSETJMP 1
| #define HAVE_LSTAT 1
| /* end confdefs.h.  */
| 
| #include <stdio.h>
| #if defined (HAVE_LOCALE_H)
| #include <locale.h>
| #endif
| 
| main(c, v)
| int     c;
| char    *v[];
| {
|         int     r1, r2;
|         char    *deflocale, *defcoll;
| 
| #ifdef HAVE_SETLOCALE
|         deflocale = setlocale(LC_ALL, "");
| 	defcoll = setlocale(LC_COLLATE, "");
| #endif
| 
| #ifdef HAVE_STRCOLL
| 	/* These two values are taken from tests/glob-test. */
|         r1 = strcoll("abd", "aXd");
| #else
| 	r1 = 0;
| #endif
|         r2 = strcmp("abd", "aXd");
| 
| 	/* These two should both be greater than 0.  It is permissible for
| 	   a system to return different values, as long as the sign is the
| 	   same. */
| 
|         /* Exit with 1 (failure) if these two values are both > 0, since
| 	   this tests whether strcoll(3) is broken with respect to strcmp(3)
| 	   in the default locale. */
| 	exit (r1 > 0 && r2 > 0);
| }
| 
configure:5692: result: no
configure:5702: checking whether the ctype macros accept non-ascii characters
configure:5752: icc -o conftest -std=c99   conftest.c  >&5
conftest.c(87): warning #266: function "exit" declared implicitly
  	exit (r1 == 0 || r2 == 0);
  	^

configure:5755: $? = 0
configure:5757: ./conftest
configure:5760: $? = 0
configure:5775: result: yes
configure:5785: checking whether getpw functions are declared in pwd.h
configure:5814: result: yes
configure:5824: checking whether termios.h defines TIOCGWINSZ
configure:5851: result: yes
configure:5895: checking whether signal handlers are of type void
configure:5924: icc -c -std=c99  conftest.c >&5
configure:5930: $? = 0
configure:5934: test -z 
			 || test ! -s conftest.err
configure:5937: $? = 0
configure:5940: test -s conftest.o
configure:5943: $? = 0
configure:5954: result: yes
configure:5963: checking for TIOCSTAT in sys/ioctl.h
configure:5985: icc -c -std=c99  conftest.c >&5
configure:5991: $? = 0
configure:5995: test -z 
			 || test ! -s conftest.err
configure:5998: $? = 0
configure:6001: test -s conftest.o
configure:6004: $? = 0
configure:6016: result: yes
configure:6025: checking for FIONREAD in sys/ioctl.h
configure:6047: icc -c -std=c99  conftest.c >&5
configure:6053: $? = 0
configure:6057: test -z 
			 || test ! -s conftest.err
configure:6060: $? = 0
configure:6063: test -s conftest.o
configure:6066: $? = 0
configure:6078: result: yes
configure:6087: checking for speed_t in sys/types.h
configure:6108: icc -c -std=c99  conftest.c >&5
conftest.c(68): error: identifier "speed_t" is undefined
  speed_t x;
  ^

compilation aborted for conftest.c (code 2)
configure:6114: $? = 2
configure: failed program was:
| /* confdefs.h.  */
| 
| #define PACKAGE_NAME "readline"
| #define PACKAGE_TARNAME "readline"
| #define PACKAGE_VERSION "5.2"
| #define PACKAGE_STRING "readline 5.2"
| #define PACKAGE_BUGREPORT "bug-readline@gnu.org"
| #define STDC_HEADERS 1
| #define HAVE_SYS_TYPES_H 1
| #define HAVE_SYS_STAT_H 1
| #define HAVE_STDLIB_H 1
| #define HAVE_STRING_H 1
| #define HAVE_MEMORY_H 1
| #define HAVE_STRINGS_H 1
| #define HAVE_INTTYPES_H 1
| #define HAVE_STDINT_H 1
| #define HAVE_UNISTD_H 1
| #define PROTOTYPES 1
| #define __PROTOTYPES 1
| #define RETSIGTYPE void
| #define STDC_HEADERS 1
| #define HAVE_DIRENT_H 1
| #define HAVE_FCNTL 1
| #define HAVE_KILL 1
| #define HAVE_LSTAT 1
| #define HAVE_MEMMOVE 1
| #define HAVE_PUTENV 1
| #define HAVE_SELECT 1
| #define HAVE_SETENV 1
| #define HAVE_SETLOCALE 1
| #define HAVE_STRCASECMP 1
| #define HAVE_STRPBRK 1
| #define HAVE_TCGETATTR 1
| #define HAVE_VSNPRINTF 1
| #define HAVE_ISASCII 1
| #define HAVE_ISXDIGIT 1
| #define HAVE_GETPWENT 1
| #define HAVE_GETPWNAM 1
| #define HAVE_GETPWUID 1
| #define HAVE_STRCOLL 1
| #define HAVE_FCNTL_H 1
| #define HAVE_UNISTD_H 1
| #define HAVE_STDLIB_H 1
| #define HAVE_STDARG_H 1
| #define HAVE_STRING_H 1
| #define HAVE_STRINGS_H 1
| #define HAVE_LIMITS_H 1
| #define HAVE_LOCALE_H 1
| #define HAVE_PWD_H 1
| #define HAVE_MEMORY_H 1
| #define HAVE_TERMCAP_H 1
| #define HAVE_TERMIOS_H 1
| #define HAVE_SYS_SELECT_H 1
| #define HAVE_SYS_FILE_H 1
| #define HAVE_POSIX_SIGNALS 1
| #define HAVE_POSIX_SIGSETJMP 1
| #define HAVE_LSTAT 1
| #define CTYPE_NON_ASCII 1
| #define HAVE_GETPW_DECLS 1
| #define VOID_SIGHANDLER 1
| #define TIOCSTAT_IN_SYS_IOCTL 1
| #define FIONREAD_IN_SYS_IOCTL 1
| /* end confdefs.h.  */
| #include <sys/types.h>
| int
| main ()
| {
| speed_t x;
|   ;
|   return 0;
| }
configure:6139: result: no
configure:6148: checking for struct winsize in sys/ioctl.h and termios.h
configure:6170: icc -c -std=c99  conftest.c >&5
configure:6176: $? = 0
configure:6180: test -z 
			 || test ! -s conftest.err
configure:6183: $? = 0
configure:6186: test -s conftest.o
configure:6189: $? = 0
configure:6248: result: sys/ioctl.h
configure:6267: checking for struct dirent.d_ino
configure:6310: icc -c -std=c99  conftest.c >&5
conftest.c(90): warning #592: variable "d" is used before its value is set
  struct dirent d; int z; z = d.d_ino;
                              ^

configure:6316: $? = 0
configure:6320: test -z 
			 || test ! -s conftest.err
configure:6323: $? = 0
configure:6326: test -s conftest.o
configure:6329: $? = 0
configure:6341: result: yes
configure:6351: checking for struct dirent.d_fileno
configure:6394: icc -c -std=c99  conftest.c >&5
conftest.c(91): warning #592: variable "d" is used before its value is set
  struct dirent d; int z; z = d.d_fileno;
                              ^

configure:6400: $? = 0
configure:6404: test -z 
			 || test ! -s conftest.err
configure:6407: $? = 0
configure:6410: test -s conftest.o
configure:6413: $? = 0
configure:6425: result: yes
configure:6449: checking for tgetent
configure:6506: icc -o conftest -std=c99   conftest.c  >&5
Undefined symbols:
  "_tgetent", referenced from:
      _main in iccnwt2ad.o
      _f in iccnwt2ad.o
ld: symbol(s) not found
configure:6512: $? = 1
configure: failed program was:
| /* confdefs.h.  */
| 
| #define PACKAGE_NAME "readline"
| #define PACKAGE_TARNAME "readline"
| #define PACKAGE_VERSION "5.2"
| #define PACKAGE_STRING "readline 5.2"
| #define PACKAGE_BUGREPORT "bug-readline@gnu.org"
| #define STDC_HEADERS 1
| #define HAVE_SYS_TYPES_H 1
| #define HAVE_SYS_STAT_H 1
| #define HAVE_STDLIB_H 1
| #define HAVE_STRING_H 1
| #define HAVE_MEMORY_H 1
| #define HAVE_STRINGS_H 1
| #define HAVE_INTTYPES_H 1
| #define HAVE_STDINT_H 1
| #define HAVE_UNISTD_H 1
| #define PROTOTYPES 1
| #define __PROTOTYPES 1
| #define RETSIGTYPE void
| #define STDC_HEADERS 1
| #define HAVE_DIRENT_H 1
| #define HAVE_FCNTL 1
| #define HAVE_KILL 1
| #define HAVE_LSTAT 1
| #define HAVE_MEMMOVE 1
| #define HAVE_PUTENV 1
| #define HAVE_SELECT 1
| #define HAVE_SETENV 1
| #define HAVE_SETLOCALE 1
| #define HAVE_STRCASECMP 1
| #define HAVE_STRPBRK 1
| #define HAVE_TCGETATTR 1
| #define HAVE_VSNPRINTF 1
| #define HAVE_ISASCII 1
| #define HAVE_ISXDIGIT 1
| #define HAVE_GETPWENT 1
| #define HAVE_GETPWNAM 1
| #define HAVE_GETPWUID 1
| #define HAVE_STRCOLL 1
| #define HAVE_FCNTL_H 1
| #define HAVE_UNISTD_H 1
| #define HAVE_STDLIB_H 1
| #define HAVE_STDARG_H 1
| #define HAVE_STRING_H 1
| #define HAVE_STRINGS_H 1
| #define HAVE_LIMITS_H 1
| #define HAVE_LOCALE_H 1
| #define HAVE_PWD_H 1
| #define HAVE_MEMORY_H 1
| #define HAVE_TERMCAP_H 1
| #define HAVE_TERMIOS_H 1
| #define HAVE_SYS_SELECT_H 1
| #define HAVE_SYS_FILE_H 1
| #define HAVE_POSIX_SIGNALS 1
| #define HAVE_POSIX_SIGSETJMP 1
| #define HAVE_LSTAT 1
| #define CTYPE_NON_ASCII 1
| #define HAVE_GETPW_DECLS 1
| #define VOID_SIGHANDLER 1
| #define TIOCSTAT_IN_SYS_IOCTL 1
| #define FIONREAD_IN_SYS_IOCTL 1
| #define STRUCT_WINSIZE_IN_SYS_IOCTL 1
| #define HAVE_STRUCT_DIRENT_D_INO 1
| #define HAVE_STRUCT_DIRENT_D_FILENO 1
| /* end confdefs.h.  */
| /* Define tgetent to an innocuous variant, in case <limits.h> declares tgetent.
|    For example, HP-UX 11i <limits.h> declares gettimeofday.  */
| #define tgetent innocuous_tgetent
| 
| /* System header to define __stub macros and hopefully few prototypes,
|     which can conflict with char tgetent (); below.
|     Prefer <limits.h> to <assert.h> if __STDC__ is defined, since
|     <limits.h> exists even on freestanding compilers.  */
| 
| #ifdef __STDC__
| # include <limits.h>
| #else
| # include <assert.h>
| #endif
| 
| #undef tgetent
| 
| /* Override any gcc2 internal prototype to avoid an error.  */
| #ifdef __cplusplus
| extern "C"
| {
| #endif
| /* We use char because int might match the return type of a gcc2
|    builtin and then its argument prototype would still apply.  */
| char tgetent ();
| /* The GNU C library defines this for functions which it implements
|     to always fail with ENOSYS.  Some functions are actually named
|     something starting with __ and the normal name is an alias.  */
| #if defined (__stub_tgetent) || defined (__stub___tgetent)
| choke me
| #else
| char (*f) () = tgetent;
| #endif
| #ifdef __cplusplus
| }
| #endif
| 
| int
| main ()
| {
| return f != tgetent;
|   ;
|   return 0;
| }
configure:6537: result: no
configure:6542: checking for tgetent in -ltermcap
configure:6572: icc -o conftest -std=c99   conftest.c -ltermcap   >&5
configure:6578: $? = 0
configure:6582: test -z 
			 || test ! -s conftest.err
configure:6585: $? = 0
configure:6588: test -s conftest
configure:6591: $? = 0
configure:6604: result: yes
configure:6824: checking which library has the termcap functions
configure:6827: result: using libtermcap
configure:6873: checking wctype.h usability
configure:6885: icc -c -std=c99  conftest.c >&5
configure:6891: $? = 0
configure:6895: test -z 
			 || test ! -s conftest.err
configure:6898: $? = 0
configure:6901: test -s conftest.o
configure:6904: $? = 0
configure:6914: result: yes
configure:6918: checking wctype.h presence
configure:6928: icc -E  conftest.c
configure:6934: $? = 0
configure:6954: result: yes
configure:6989: checking for wctype.h
configure:6996: result: yes
configure:7023: checking wchar.h usability
configure:7035: icc -c -std=c99  conftest.c >&5
configure:7041: $? = 0
configure:7045: test -z 
			 || test ! -s conftest.err
configure:7048: $? = 0
configure:7051: test -s conftest.o
configure:7054: $? = 0
configure:7064: result: yes
configure:7068: checking wchar.h presence
configure:7078: icc -E  conftest.c
configure:7084: $? = 0
configure:7104: result: yes
configure:7139: checking for wchar.h
configure:7146: result: yes
configure:7173: checking langinfo.h usability
configure:7185: icc -c -std=c99  conftest.c >&5
configure:7191: $? = 0
configure:7195: test -z 
			 || test ! -s conftest.err
configure:7198: $? = 0
configure:7201: test -s conftest.o
configure:7204: $? = 0
configure:7214: result: yes
configure:7218: checking langinfo.h presence
configure:7228: icc -E  conftest.c
configure:7234: $? = 0
configure:7254: result: yes
configure:7289: checking for langinfo.h
configure:7296: result: yes
configure:7310: checking for mbsrtowcs
configure:7367: icc -o conftest -std=c99   conftest.c  >&5
configure:7373: $? = 0
configure:7377: test -z 
			 || test ! -s conftest.err
configure:7380: $? = 0
configure:7383: test -s conftest
configure:7386: $? = 0
configure:7398: result: yes
configure:7407: checking for mbrlen
configure:7464: icc -o conftest -std=c99   conftest.c  >&5
configure:7470: $? = 0
configure:7474: test -z 
			 || test ! -s conftest.err
configure:7477: $? = 0
configure:7480: test -s conftest
configure:7483: $? = 0
configure:7495: result: yes
configure:7505: checking for wcrtomb
configure:7562: icc -o conftest -std=c99   conftest.c  >&5
configure:7568: $? = 0
configure:7572: test -z 
			 || test ! -s conftest.err
configure:7575: $? = 0
configure:7578: test -s conftest
configure:7581: $? = 0
configure:7593: result: yes
configure:7602: checking for wcscoll
configure:7659: icc -o conftest -std=c99   conftest.c  >&5
configure:7665: $? = 0
configure:7669: test -z 
			 || test ! -s conftest.err
configure:7672: $? = 0
configure:7675: test -s conftest
configure:7678: $? = 0
configure:7690: result: yes
configure:7699: checking for wcsdup
configure:7756: icc -o conftest -std=c99   conftest.c  >&5
Undefined symbols:
  "_wcsdup", referenced from:
      _main in icchwQWI8.o
      _f in icchwQWI8.o
ld: symbol(s) not found
configure:7762: $? = 1
configure: failed program was:
| /* confdefs.h.  */
| 
| #define PACKAGE_NAME "readline"
| #define PACKAGE_TARNAME "readline"
| #define PACKAGE_VERSION "5.2"
| #define PACKAGE_STRING "readline 5.2"
| #define PACKAGE_BUGREPORT "bug-readline@gnu.org"
| #define STDC_HEADERS 1
| #define HAVE_SYS_TYPES_H 1
| #define HAVE_SYS_STAT_H 1
| #define HAVE_STDLIB_H 1
| #define HAVE_STRING_H 1
| #define HAVE_MEMORY_H 1
| #define HAVE_STRINGS_H 1
| #define HAVE_INTTYPES_H 1
| #define HAVE_STDINT_H 1
| #define HAVE_UNISTD_H 1
| #define PROTOTYPES 1
| #define __PROTOTYPES 1
| #define RETSIGTYPE void
| #define STDC_HEADERS 1
| #define HAVE_DIRENT_H 1
| #define HAVE_FCNTL 1
| #define HAVE_KILL 1
| #define HAVE_LSTAT 1
| #define HAVE_MEMMOVE 1
| #define HAVE_PUTENV 1
| #define HAVE_SELECT 1
| #define HAVE_SETENV 1
| #define HAVE_SETLOCALE 1
| #define HAVE_STRCASECMP 1
| #define HAVE_STRPBRK 1
| #define HAVE_TCGETATTR 1
| #define HAVE_VSNPRINTF 1
| #define HAVE_ISASCII 1
| #define HAVE_ISXDIGIT 1
| #define HAVE_GETPWENT 1
| #define HAVE_GETPWNAM 1
| #define HAVE_GETPWUID 1
| #define HAVE_STRCOLL 1
| #define HAVE_FCNTL_H 1
| #define HAVE_UNISTD_H 1
| #define HAVE_STDLIB_H 1
| #define HAVE_STDARG_H 1
| #define HAVE_STRING_H 1
| #define HAVE_STRINGS_H 1
| #define HAVE_LIMITS_H 1
| #define HAVE_LOCALE_H 1
| #define HAVE_PWD_H 1
| #define HAVE_MEMORY_H 1
| #define HAVE_TERMCAP_H 1
| #define HAVE_TERMIOS_H 1
| #define HAVE_SYS_SELECT_H 1
| #define HAVE_SYS_FILE_H 1
| #define HAVE_POSIX_SIGNALS 1
| #define HAVE_POSIX_SIGSETJMP 1
| #define HAVE_LSTAT 1
| #define CTYPE_NON_ASCII 1
| #define HAVE_GETPW_DECLS 1
| #define VOID_SIGHANDLER 1
| #define TIOCSTAT_IN_SYS_IOCTL 1
| #define FIONREAD_IN_SYS_IOCTL 1
| #define STRUCT_WINSIZE_IN_SYS_IOCTL 1
| #define HAVE_STRUCT_DIRENT_D_INO 1
| #define HAVE_STRUCT_DIRENT_D_FILENO 1
| #define HAVE_WCTYPE_H 1
| #define HAVE_WCHAR_H 1
| #define HAVE_LANGINFO_H 1
| #define HAVE_MBSRTOWCS 1
| #define HAVE_MBRLEN 1
| #define HAVE_WCRTOMB 1
| #define HAVE_WCSCOLL 1
| /* end confdefs.h.  */
| /* Define wcsdup to an innocuous variant, in case <limits.h> declares wcsdup.
|    For example, HP-UX 11i <limits.h> declares gettimeofday.  */
| #define wcsdup innocuous_wcsdup
| 
| /* System header to define __stub macros and hopefully few prototypes,
|     which can conflict with char wcsdup (); below.
|     Prefer <limits.h> to <assert.h> if __STDC__ is defined, since
|     <limits.h> exists even on freestanding compilers.  */
| 
| #ifdef __STDC__
| # include <limits.h>
| #else
| # include <assert.h>
| #endif
| 
| #undef wcsdup
| 
| /* Override any gcc2 internal prototype to avoid an error.  */
| #ifdef __cplusplus
| extern "C"
| {
| #endif
| /* We use char because int might match the return type of a gcc2
|    builtin and then its argument prototype would still apply.  */
| char wcsdup ();
| /* The GNU C library defines this for functions which it implements
|     to always fail with ENOSYS.  Some functions are actually named
|     something starting with __ and the normal name is an alias.  */
| #if defined (__stub_wcsdup) || defined (__stub___wcsdup)
| choke me
| #else
| char (*f) () = wcsdup;
| #endif
| #ifdef __cplusplus
| }
| #endif
| 
| int
| main ()
| {
| return f != wcsdup;
|   ;
|   return 0;
| }
configure:7787: result: no
configure:7796: checking for wcwidth
configure:7853: icc -o conftest -std=c99   conftest.c  >&5
configure:7859: $? = 0
configure:7863: test -z 
			 || test ! -s conftest.err
configure:7866: $? = 0
configure:7869: test -s conftest
configure:7872: $? = 0
configure:7884: result: yes
configure:7893: checking for wctype
configure:7950: icc -o conftest -std=c99   conftest.c  >&5
configure:7956: $? = 0
configure:7960: test -z 
			 || test ! -s conftest.err
configure:7963: $? = 0
configure:7966: test -s conftest
configure:7969: $? = 0
configure:7981: result: yes
configure:7992: checking whether mbrtowc and mbstate_t are properly declared
configure:8013: icc -o conftest -std=c99   conftest.c  >&5
conftest.c(80): warning #279: controlling expression is constant
  mbstate_t state; return ! (sizeof state && mbrtowc);
                                             ^

configure:8019: $? = 0
configure:8023: test -z 
			 || test ! -s conftest.err
configure:8026: $? = 0
configure:8029: test -s conftest
configure:8032: $? = 0
configure:8044: result: yes
configure:8069: checking for iswlower
configure:8126: icc -o conftest -std=c99   conftest.c  >&5
configure:8132: $? = 0
configure:8136: test -z 
			 || test ! -s conftest.err
configure:8139: $? = 0
configure:8142: test -s conftest
configure:8145: $? = 0
configure:8157: result: yes
configure:8069: checking for iswupper
configure:8126: icc -o conftest -std=c99   conftest.c  >&5
configure:8132: $? = 0
configure:8136: test -z 
			 || test ! -s conftest.err
configure:8139: $? = 0
configure:8142: test -s conftest
configure:8145: $? = 0
configure:8157: result: yes
configure:8069: checking for towlower
configure:8126: icc -o conftest -std=c99   conftest.c  >&5
configure:8132: $? = 0
configure:8136: test -z 
			 || test ! -s conftest.err
configure:8139: $? = 0
configure:8142: test -s conftest
configure:8145: $? = 0
configure:8157: result: yes
configure:8069: checking for towupper
configure:8126: icc -o conftest -std=c99   conftest.c  >&5
configure:8132: $? = 0
configure:8136: test -z 
			 || test ! -s conftest.err
configure:8139: $? = 0
configure:8142: test -s conftest
configure:8145: $? = 0
configure:8157: result: yes
configure:8069: checking for iswctype
configure:8126: icc -o conftest -std=c99   conftest.c  >&5
configure:8132: $? = 0
configure:8136: test -z 
			 || test ! -s conftest.err
configure:8139: $? = 0
configure:8142: test -s conftest
configure:8145: $? = 0
configure:8157: result: yes
configure:8168: checking for nl_langinfo and CODESET
configure:8189: icc -o conftest -std=c99   conftest.c  >&5
configure:8195: $? = 0
configure:8199: test -z 
			 || test ! -s conftest.err
configure:8202: $? = 0
configure:8205: test -s conftest
configure:8208: $? = 0
configure:8220: result: yes
configure:8229: checking for wchar_t in wchar.h
configure:8254: icc -c -std=c99  conftest.c >&5
configure:8260: $? = 0
configure:8264: test -z 
			 || test ! -s conftest.err
configure:8267: $? = 0
configure:8270: test -s conftest.o
configure:8273: $? = 0
configure:8284: result: yes
configure:8294: checking for wctype_t in wctype.h
configure:8318: icc -c -std=c99  conftest.c >&5
configure:8324: $? = 0
configure:8328: test -z 
			 || test ! -s conftest.err
configure:8331: $? = 0
configure:8334: test -s conftest.o
configure:8337: $? = 0
configure:8348: result: yes
configure:8358: checking for wint_t in wctype.h
configure:8382: icc -c -std=c99  conftest.c >&5
configure:8388: $? = 0
configure:8392: test -z 
			 || test ! -s conftest.err
configure:8395: $? = 0
configure:8398: test -s conftest.o
configure:8401: $? = 0
configure:8412: result: yes
configure:8439: checking configuration for building shared libraries
configure:8463: result: supported
configure:8619: creating ./config.status

## ---------------------- ##
## Running config.status. ##
## ---------------------- ##

This file was extended by readline config.status 5.2, which was
generated by GNU Autoconf 2.59.  Invocation command line was

  CONFIG_FILES    = 
  CONFIG_HEADERS  = 
  CONFIG_LINKS    = 
  CONFIG_COMMANDS = 
  $ ./config.status 

on nsn-0077

config.status:701: creating Makefile
config.status:701: creating doc/Makefile
config.status:701: creating examples/Makefile
config.status:701: creating shlib/Makefile
config.status:805: creating config.h
config.status:1079: config.h is unchanged
config.status:1237: executing default commands

## ---------------- ##
## Cache variables. ##
## ---------------- ##

ac_cv_build=i386-apple-darwin9.6.0
ac_cv_build_alias=i386-apple-darwin9.6.0
ac_cv_c_char_unsigned=no
ac_cv_c_compiler_gnu=yes
ac_cv_c_const=yes
ac_cv_env_CC_set=set
ac_cv_env_CC_value=icc
ac_cv_env_CFLAGS_set=set
ac_cv_env_CFLAGS_value=-std=c99
ac_cv_env_CPPFLAGS_set=
ac_cv_env_CPPFLAGS_value=
ac_cv_env_CPP_set=
ac_cv_env_CPP_value=
ac_cv_env_LDFLAGS_set=
ac_cv_env_LDFLAGS_value=
ac_cv_env_build_alias_set=
ac_cv_env_build_alias_value=
ac_cv_env_host_alias_set=
ac_cv_env_host_alias_value=
ac_cv_env_target_alias_set=
ac_cv_env_target_alias_value=
ac_cv_exeext=
ac_cv_func_fcntl=yes
ac_cv_func_getpwent=yes
ac_cv_func_getpwnam=yes
ac_cv_func_getpwuid=yes
ac_cv_func_isascii=yes
ac_cv_func_iswctype=yes
ac_cv_func_iswlower=yes
ac_cv_func_iswupper=yes
ac_cv_func_isxdigit=yes
ac_cv_func_kill=yes
ac_cv_func_lstat=yes
ac_cv_func_mbrlen=yes
ac_cv_func_mbrtowc=yes
ac_cv_func_mbsrtowcs=yes
ac_cv_func_memmove=yes
ac_cv_func_putenv=yes
ac_cv_func_select=yes
ac_cv_func_setenv=yes
ac_cv_func_setlocale=yes
ac_cv_func_strcasecmp=yes
ac_cv_func_strcoll_works=yes
ac_cv_func_strpbrk=yes
ac_cv_func_tcgetattr=yes
ac_cv_func_tgetent=no
ac_cv_func_towlower=yes
ac_cv_func_towupper=yes
ac_cv_func_vsnprintf=yes
ac_cv_func_wcrtomb=yes
ac_cv_func_wcscoll=yes
ac_cv_func_wcsdup=no
ac_cv_func_wctype=yes
ac_cv_func_wcwidth=yes
ac_cv_header_dirent_dirent_h=yes
ac_cv_header_fcntl_h=yes
ac_cv_header_inttypes_h=yes
ac_cv_header_langinfo_h=yes
ac_cv_header_limits_h=yes
ac_cv_header_locale_h=yes
ac_cv_header_memory_h=yes
ac_cv_header_minix_config_h=no
ac_cv_header_pwd_h=yes
ac_cv_header_stat_broken=no
ac_cv_header_stdarg_h=yes
ac_cv_header_stdc=yes
ac_cv_header_stdint_h=yes
ac_cv_header_stdlib_h=yes
ac_cv_header_string_h=yes
ac_cv_header_strings_h=yes
ac_cv_header_sys_file_h=yes
ac_cv_header_sys_pte_h=no
ac_cv_header_sys_ptem_h=no
ac_cv_header_sys_select_h=yes
ac_cv_header_sys_stat_h=yes
ac_cv_header_sys_stream_h=no
ac_cv_header_sys_types_h=yes
ac_cv_header_termcap_h=yes
ac_cv_header_termio_h=no
ac_cv_header_termios_h=yes
ac_cv_header_unistd_h=yes
ac_cv_header_varargs_h=no
ac_cv_header_wchar_h=yes
ac_cv_header_wctype_h=yes
ac_cv_host=i386-apple-darwin9.6.0
ac_cv_host_alias=i386-apple-darwin9.6.0
ac_cv_lib_termcap_tgetent=yes
ac_cv_objext=o
ac_cv_path_install='/usr/bin/install -c'
ac_cv_prog_AR=xiar
ac_cv_prog_CPP='icc -E'
ac_cv_prog_ac_ct_CC=icc
ac_cv_prog_ac_ct_RANLIB=ranlib
ac_cv_prog_cc_g=yes
ac_cv_prog_cc_stdc=
ac_cv_prog_egrep='grep -E'
ac_cv_prog_gcc_traditional=no
ac_cv_prog_make_make_set=yes
ac_cv_search_opendir='none required'
ac_cv_sys_tiocgwinsz_in_termios_h=yes
ac_cv_type_signal=void
ac_cv_type_size_t=yes
ac_cv_type_ssize_t=yes
bash_cv_dirent_has_d_fileno=yes
bash_cv_dirent_has_dino=yes
bash_cv_fionread_in_ioctl=yes
bash_cv_func_ctype_nonascii=yes
bash_cv_func_lstat=yes
bash_cv_func_sigsetjmp=present
bash_cv_func_strcoll_broken=no
bash_cv_getpw_declared=yes
bash_cv_langinfo_codeset=yes
bash_cv_must_reinstall_sighandlers=no
bash_cv_signal_vintage=posix
bash_cv_speed_t_in_sys_types=no
bash_cv_struct_winsize_header=ioctl_h
bash_cv_termcap_lib=libtermcap
bash_cv_tiocstat_in_ioctl=yes
bash_cv_type_wchar_t=yes
bash_cv_type_wctype_t=yes
bash_cv_type_wint_t=yes
bash_cv_void_sighandler=yes

## ----------------- ##
## Output variables. ##
## ----------------- ##

AR='xiar'
ARFLAGS='cr'
BUILD_DIR='/Users/jpoirier/ZZZZZ/software_projects/meusForth/readline-5.2'
CC='icc'
CFLAGS='-std=c99'
CPP='icc -E'
CPPFLAGS=''
CROSS_COMPILE=''
DEFS='-DHAVE_CONFIG_H'
ECHO_C='ECHO_N=''
ECHO_T=''
EGREP='grep -E'
EXEEXT=''
INSTALL_DATA='${INSTALL} -m 644'
INSTALL_PROGRAM='${INSTALL}'
INSTALL_SCRIPT='${INSTALL}'
LDFLAGS=''
LIBOBJS=''
LIBS=''
LIBVERSION='5.2'
LOCAL_CFLAGS=''
LOCAL_DEFS=''
LOCAL_LDFLAGS=''
LTLIBOBJS=''
MAKE_SHELL='/bin/sh'
OBJEXT='o'
PACKAGE_BUGREPORT='bug-readline@gnu.org'
PACKAGE_NAME='readline'
PACKAGE_STRING='readline 5.2'
PACKAGE_TARNAME='readline'
PACKAGE_VERSION='5.2'
PATH_SEPARATOR=':'
PURIFY=''
RANLIB='ranlib'
SET_MAKE=''
SHARED_INSTALL_TARGET=''
SHARED_TARGET=''
SHELL='/bin/sh'
SHLIB_DLLVERSION='$(SHLIB_MAJOR)'
SHLIB_DOT='.'
SHLIB_LIBPREF='lib'
SHLIB_LIBS='-lncurses'
SHLIB_LIBSUFF='dylib'
SHLIB_LIBVERSION='$(SHLIB_MAJOR)$(SHLIB_MINOR).$(SHLIB_LIBSUFF)'
SHLIB_MAJOR='5'
SHLIB_MINOR='2'
SHLIB_STATUS='supported'
SHLIB_XLDFLAGS='-arch_only `/usr/bin/arch` -install_name $(libdir)/$@ -current_version $(SHLIB_MAJOR)$(SHLIB_MINOR) -compatibility_version $(SHLIB_MAJOR) -v'
SHOBJ_CC='icc'
SHOBJ_CFLAGS='-fno-common'
SHOBJ_LD='${CC}'
SHOBJ_LDFLAGS='-dynamic'
SHOBJ_LIBS=''
SHOBJ_STATUS='unsupported'
SHOBJ_XLDFLAGS=''
STATIC_INSTALL_TARGET='install-static'
STATIC_TARGET='static'
TERMCAP_LIB='-ltermcap'
ac_ct_CC='icc'
ac_ct_RANLIB='ranlib'
bindir='${exec_prefix}/bin'
build='i386-apple-darwin9.6.0'
build_alias=''
build_cpu='i386'
build_os='darwin9.6.0'
build_vendor='apple'
datadir='${prefix}/share'
exec_prefix='${prefix}'
host='i386-apple-darwin9.6.0'
host_alias=''
host_cpu='i386'
host_os='darwin9.6.0'
host_vendor='apple'
includedir='${prefix}/include'
infodir='${prefix}/info'
libdir='${exec_prefix}/lib'
libexecdir='${exec_prefix}/libexec'
localstatedir='${prefix}/var'
mandir='${prefix}/man'
oldincludedir='/usr/include'
prefix='/usr/local'
program_transform_name='s,x,x,'
sbindir='${exec_prefix}/sbin'
sharedstatedir='${prefix}/com'
sysconfdir='${prefix}/etc'
target_alias=''

## ----------- ##
## confdefs.h. ##
## ----------- ##

#define CTYPE_NON_ASCII 1
#define FIONREAD_IN_SYS_IOCTL 1
#define HAVE_DIRENT_H 1
#define HAVE_FCNTL 1
#define HAVE_FCNTL_H 1
#define HAVE_GETPWENT 1
#define HAVE_GETPWNAM 1
#define HAVE_GETPWUID 1
#define HAVE_GETPW_DECLS 1
#define HAVE_INTTYPES_H 1
#define HAVE_ISASCII 1
#define HAVE_ISWCTYPE 1
#define HAVE_ISWLOWER 1
#define HAVE_ISWUPPER 1
#define HAVE_ISXDIGIT 1
#define HAVE_KILL 1
#define HAVE_LANGINFO_CODESET 1
#define HAVE_LANGINFO_H 1
#define HAVE_LIMITS_H 1
#define HAVE_LOCALE_H 1
#define HAVE_LSTAT 1
#define HAVE_LSTAT 1
#define HAVE_MBRLEN 1
#define HAVE_MBRTOWC 1
#define HAVE_MBSRTOWCS 1
#define HAVE_MBSTATE_T 1
#define HAVE_MEMMOVE 1
#define HAVE_MEMORY_H 1
#define HAVE_MEMORY_H 1
#define HAVE_POSIX_SIGNALS 1
#define HAVE_POSIX_SIGSETJMP 1
#define HAVE_PUTENV 1
#define HAVE_PWD_H 1
#define HAVE_SELECT 1
#define HAVE_SETENV 1
#define HAVE_SETLOCALE 1
#define HAVE_STDARG_H 1
#define HAVE_STDINT_H 1
#define HAVE_STDLIB_H 1
#define HAVE_STDLIB_H 1
#define HAVE_STRCASECMP 1
#define HAVE_STRCOLL 1
#define HAVE_STRINGS_H 1
#define HAVE_STRINGS_H 1
#define HAVE_STRING_H 1
#define HAVE_STRING_H 1
#define HAVE_STRPBRK 1
#define HAVE_STRUCT_DIRENT_D_FILENO 1
#define HAVE_STRUCT_DIRENT_D_INO 1
#define HAVE_SYS_FILE_H 1
#define HAVE_SYS_SELECT_H 1
#define HAVE_SYS_STAT_H 1
#define HAVE_SYS_TYPES_H 1
#define HAVE_TCGETATTR 1
#define HAVE_TERMCAP_H 1
#define HAVE_TERMIOS_H 1
#define HAVE_TOWLOWER 1
#define HAVE_TOWUPPER 1
#define HAVE_UNISTD_H 1
#define HAVE_UNISTD_H 1
#define HAVE_VSNPRINTF 1
#define HAVE_WCHAR_H 1
#define HAVE_WCHAR_T 1
#define HAVE_WCRTOMB 1
#define HAVE_WCSCOLL 1
#define HAVE_WCTYPE 1
#define HAVE_WCTYPE_H 1
#define HAVE_WCTYPE_T 1
#define HAVE_WCWIDTH 1
#define HAVE_WINT_T 1
#define PACKAGE_BUGREPORT "bug-readline@gnu.org"
#define PACKAGE_NAME "readline"
#define PACKAGE_STRING "readline 5.2"
#define PACKAGE_TARNAME "readline"
#define PACKAGE_VERSION "5.2"
#define PROTOTYPES 1
#define RETSIGTYPE void
#define STDC_HEADERS 1
#define STDC_HEADERS 1
#define STRUCT_WINSIZE_IN_SYS_IOCTL 1
#define TIOCSTAT_IN_SYS_IOCTL 1
#define VOID_SIGHANDLER 1
#define __PROTOTYPES 1

configure: exit 0
